<?xml version="1.0" encoding="UTF-8"?>
<!-- Generated by org.testng.reporters.JUnitReportReporter -->
<testsuite hostname="cca-ug04-0968.cs.bham.ac.uk" name="exercise4.search.Tester" tests="3" failures="2" timestamp="4 Mar 2014 16:17:40 GMT" time="0.023" errors="0">
  <testcase name="dfsTestEight" time="0.013" classname="exercise4.search.Tester">
    <failure type="java.lang.Error" message="Unresolved compilation problems: 
	The method getParent() is undefined for the type ActionStatePair&lt;ActionT,StateT&gt;
	The method getParent() is undefined for the type ActionStatePair&lt;ActionT,StateT&gt;
	The method setParent(ActionStatePair&lt;ActionT,StateT&gt;) is undefined for the type ActionStatePair&lt;ActionT,StateT&gt;
">
      <![CDATA[java.lang.Error: Unresolved compilation problems: 
	The method getParent() is undefined for the type ActionStatePair<ActionT,StateT>
	The method getParent() is undefined for the type ActionStatePair<ActionT,StateT>
	The method setParent(ActionStatePair<ActionT,StateT>) is undefined for the type ActionStatePair<ActionT,StateT>

	at exercise4.search.UninformedSearch.doSearch(UninformedSearch.java:42)
	at exercise4.search.Tester.dfsTestEight(Tester.java:44)
	at sun.reflect.NativeMethodAccessorImpl.invoke0(Native Method)
	at sun.reflect.NativeMethodAccessorImpl.invoke(NativeMethodAccessorImpl.java:57)
	at sun.reflect.DelegatingMethodAccessorImpl.invoke(DelegatingMethodAccessorImpl.java:43)
	at java.lang.reflect.Method.invoke(Method.java:601)
	at org.testng.internal.MethodInvocationHelper.invokeMethod(MethodInvocationHelper.java:84)
	at org.testng.internal.Invoker.invokeMethod(Invoker.java:714)
	at org.testng.internal.Invoker.invokeTestMethod(Invoker.java:901)
	at org.testng.internal.Invoker.invokeTestMethods(Invoker.java:1231)
	at org.testng.internal.TestMethodWorker.invokeTestMethods(TestMethodWorker.java:127)
	at org.testng.internal.TestMethodWorker.run(TestMethodWorker.java:111)
	at org.testng.TestRunner.privateRun(TestRunner.java:767)
	at org.testng.TestRunner.run(TestRunner.java:617)
	at org.testng.SuiteRunner.runTest(SuiteRunner.java:334)
	at org.testng.SuiteRunner.runSequentially(SuiteRunner.java:329)
	at org.testng.SuiteRunner.privateRun(SuiteRunner.java:291)
	at org.testng.SuiteRunner.run(SuiteRunner.java:240)
	at org.testng.SuiteRunnerWorker.runSuite(SuiteRunnerWorker.java:52)
	at org.testng.SuiteRunnerWorker.run(SuiteRunnerWorker.java:86)
	at org.testng.TestNG.runSuitesSequentially(TestNG.java:1224)
	at org.testng.TestNG.runSuitesLocally(TestNG.java:1149)
	at org.testng.TestNG.run(TestNG.java:1057)
	at org.testng.remote.RemoteTestNG.run(RemoteTestNG.java:111)
	at org.testng.remote.RemoteTestNG.initAndRun(RemoteTestNG.java:204)
	at org.testng.remote.RemoteTestNG.main(RemoteTestNG.java:175)
]]>
    </failure>
  </testcase> <!-- dfsTestEight -->
  <testcase name="temp" time="0.002" classname="exercise4.search.Tester"/>
  <testcase name="bfsTestEight" time="0.008" classname="exercise4.search.Tester">
    <failure type="java.lang.Error" message="Unresolved compilation problems: 
	The method getParent() is undefined for the type ActionStatePair&lt;ActionT,StateT&gt;
	The method getParent() is undefined for the type ActionStatePair&lt;ActionT,StateT&gt;
	The method setParent(ActionStatePair&lt;ActionT,StateT&gt;) is undefined for the type ActionStatePair&lt;ActionT,StateT&gt;
">
      <![CDATA[java.lang.Error: Unresolved compilation problems: 
	The method getParent() is undefined for the type ActionStatePair<ActionT,StateT>
	The method getParent() is undefined for the type ActionStatePair<ActionT,StateT>
	The method setParent(ActionStatePair<ActionT,StateT>) is undefined for the type ActionStatePair<ActionT,StateT>

	at exercise4.search.UninformedSearch.doSearch(UninformedSearch.java:42)
	at exercise4.search.Tester.bfsTestEight(Tester.java:37)
	at sun.reflect.NativeMethodAccessorImpl.invoke0(Native Method)
	at sun.reflect.NativeMethodAccessorImpl.invoke(NativeMethodAccessorImpl.java:57)
	at sun.reflect.DelegatingMethodAccessorImpl.invoke(DelegatingMethodAccessorImpl.java:43)
	at java.lang.reflect.Method.invoke(Method.java:601)
	at org.testng.internal.MethodInvocationHelper.invokeMethod(MethodInvocationHelper.java:84)
	at org.testng.internal.Invoker.invokeMethod(Invoker.java:714)
	at org.testng.internal.Invoker.invokeTestMethod(Invoker.java:901)
	at org.testng.internal.Invoker.invokeTestMethods(Invoker.java:1231)
	at org.testng.internal.TestMethodWorker.invokeTestMethods(TestMethodWorker.java:127)
	at org.testng.internal.TestMethodWorker.run(TestMethodWorker.java:111)
	at org.testng.TestRunner.privateRun(TestRunner.java:767)
	at org.testng.TestRunner.run(TestRunner.java:617)
	at org.testng.SuiteRunner.runTest(SuiteRunner.java:334)
	at org.testng.SuiteRunner.runSequentially(SuiteRunner.java:329)
	at org.testng.SuiteRunner.privateRun(SuiteRunner.java:291)
	at org.testng.SuiteRunner.run(SuiteRunner.java:240)
	at org.testng.SuiteRunnerWorker.runSuite(SuiteRunnerWorker.java:52)
	at org.testng.SuiteRunnerWorker.run(SuiteRunnerWorker.java:86)
	at org.testng.TestNG.runSuitesSequentially(TestNG.java:1224)
	at org.testng.TestNG.runSuitesLocally(TestNG.java:1149)
	at org.testng.TestNG.run(TestNG.java:1057)
	at org.testng.remote.RemoteTestNG.run(RemoteTestNG.java:111)
	at org.testng.remote.RemoteTestNG.initAndRun(RemoteTestNG.java:204)
	at org.testng.remote.RemoteTestNG.main(RemoteTestNG.java:175)
]]>
    </failure>
  </testcase> <!-- bfsTestEight -->
</testsuite> <!-- exercise4.search.Tester -->
